[debug] [2024-11-23T04:24:47.732Z] ----------------------------------------------------------------------
[debug] [2024-11-23T04:24:47.737Z] Command:       C:\Program Files\nodejs\node.exe C:\Users\Noyon\AppData\Roaming\npm\node_modules\firebase-tools\lib\bin\firebase.js init hosting
[debug] [2024-11-23T04:24:47.737Z] CLI Version:   13.27.0
[debug] [2024-11-23T04:24:47.737Z] Platform:      win32
[debug] [2024-11-23T04:24:47.738Z] Node Version:  v22.11.0
[debug] [2024-11-23T04:24:47.738Z] Time:          Sat Nov 23 2024 10:24:47 GMT+0600 (Bangladesh Standard Time)
[debug] [2024-11-23T04:24:47.738Z] ----------------------------------------------------------------------
[debug] 
[debug] [2024-11-23T04:24:47.826Z] > command requires scopes: ["email","openid","https://www.googleapis.com/auth/cloudplatformprojects.readonly","https://www.googleapis.com/auth/firebase","https://www.googleapis.com/auth/cloud-platform"]
[debug] [2024-11-23T04:24:47.827Z] > authorizing via signed-in user (bhyean@gmail.com)
[info] 
     ######## #### ########  ######## ########     ###     ######  ########
     ##        ##  ##     ## ##       ##     ##  ##   ##  ##       ##
     ######    ##  ########  ######   ########  #########  ######  ######
     ##        ##  ##    ##  ##       ##     ## ##     ##       ## ##
     ##       #### ##     ## ######## ########  ##     ##  ######  ########

You're about to initialize a Firebase project in this directory:

  C:\Users\Noyon\Desktop

Before we get started, keep in mind:

  * You are initializing within an existing Firebase project directory

[info] 
=== Project Setup
[info] 
[info] First, let's associate this project directory with a Firebase project.
[info] You can create multiple project aliases by running firebase use --add, 
[info] but for now we'll just set up a default project.
[info] 
[debug] [2024-11-23T04:25:04.606Z] Using project from CLI flag: portfolio-noyon
[debug] [2024-11-23T04:25:04.608Z] Checked if tokens are valid: false, expires at: 1732336661267
[debug] [2024-11-23T04:25:04.609Z] Checked if tokens are valid: false, expires at: 1732336661267
[debug] [2024-11-23T04:25:04.609Z] > refreshing access token with scopes: []
[debug] [2024-11-23T04:25:04.611Z] >>> [apiv2][query] POST https://www.googleapis.com/oauth2/v3/token [none]
[debug] [2024-11-23T04:25:04.611Z] >>> [apiv2][body] POST https://www.googleapis.com/oauth2/v3/token [omitted]
[debug] [2024-11-23T04:25:05.051Z] <<< [apiv2][status] POST https://www.googleapis.com/oauth2/v3/token 200
[debug] [2024-11-23T04:25:05.051Z] <<< [apiv2][body] POST https://www.googleapis.com/oauth2/v3/token [omitted]
[debug] [2024-11-23T04:25:05.061Z] >>> [apiv2][query] GET https://firebase.googleapis.com/v1beta1/projects/portfolio-noyon [none]
[debug] [2024-11-23T04:25:05.850Z] <<< [apiv2][status] GET https://firebase.googleapis.com/v1beta1/projects/portfolio-noyon 200
[debug] [2024-11-23T04:25:05.850Z] <<< [apiv2][body] GET https://firebase.googleapis.com/v1beta1/projects/portfolio-noyon {"projectId":"portfolio-noyon","projectNumber":"157143770687","displayName":"portfolio","name":"projects/portfolio-noyon","resources":{"hostingSite":"portfolio-noyon"},"state":"ACTIVE","etag":"1_44fc6ad8-e44c-4416-ac77-59a43ad63d18"}
[info] i  Using project portfolio-noyon (portfolio) 
[info] 
=== Hosting Setup
[debug] [2024-11-23T04:25:05.857Z] Checked if tokens are valid: true, expires at: 1732339504051
[debug] [2024-11-23T04:25:05.858Z] Checked if tokens are valid: true, expires at: 1732339504051
[debug] [2024-11-23T04:25:05.858Z] >>> [apiv2][query] GET https://firebase.googleapis.com/v1beta1/projects/portfolio-noyon [none]
[debug] [2024-11-23T04:25:06.256Z] <<< [apiv2][status] GET https://firebase.googleapis.com/v1beta1/projects/portfolio-noyon 200
[debug] [2024-11-23T04:25:06.256Z] <<< [apiv2][body] GET https://firebase.googleapis.com/v1beta1/projects/portfolio-noyon {"projectId":"portfolio-noyon","projectNumber":"157143770687","displayName":"portfolio","name":"projects/portfolio-noyon","resources":{"hostingSite":"portfolio-noyon"},"state":"ACTIVE","etag":"1_44fc6ad8-e44c-4416-ac77-59a43ad63d18"}
[info] 
[info] Your public directory is the folder (relative to your project directory) that
[info] will contain Hosting assets to be uploaded with firebase deploy. If you
[info] have a build process for your assets, use your build's output directory.
[info] 
